[debug] [2023-07-04T17:40:59.814Z] ----------------------------------------------------------------------
[debug] [2023-07-04T17:40:59.817Z] Command:       C:\Program Files\nodejs\node.exe C:\Users\anant\AppData\Roaming\npm\node_modules\firebase-tools\lib\bin\firebase.js init
[debug] [2023-07-04T17:40:59.817Z] CLI Version:   12.2.1
[debug] [2023-07-04T17:40:59.818Z] Platform:      win32
[debug] [2023-07-04T17:40:59.819Z] Node Version:  v18.12.1
[debug] [2023-07-04T17:40:59.820Z] Time:          Tue Jul 04 2023 23:25:59 GMT+0545 (Nepal Time)
[debug] [2023-07-04T17:40:59.820Z] ----------------------------------------------------------------------
[debug] 
[debug] [2023-07-04T17:40:59.832Z] > command requires scopes: ["email","openid","https://www.googleapis.com/auth/cloudplatformprojects.readonly","https://www.googleapis.com/auth/firebase","https://www.googleapis.com/auth/cloud-platform"]
[debug] [2023-07-04T17:40:59.832Z] > authorizing via signed-in user (dineshojha503@gmail.com)
[info] 
     ######## #### ########  ######## ########     ###     ######  ########
     ##        ##  ##     ## ##       ##     ##  ##   ##  ##       ##
     ######    ##  ########  ######   ########  #########  ######  ######
     ##        ##  ##    ##  ##       ##     ## ##     ##       ## ##
     ##       #### ##     ## ######## ########  ##     ##  ######  ########

You're about to initialize a Firebase project in this directory:

  C:\Users\anant\Desktop\animesite

[info] 
=== Project Setup
[info] 
[info] First, let's associate this project directory with a Firebase project.
[info] You can create multiple project aliases by running firebase use --add, 
[info] but for now we'll just set up a default project.
[info] 
[debug] [2023-07-04T17:41:12.270Z] > refreshing access token with scopes: []
[debug] [2023-07-04T17:41:12.273Z] >>> [apiv2][query] POST https://www.googleapis.com/oauth2/v3/token [none]
[debug] [2023-07-04T17:41:12.273Z] >>> [apiv2][body] POST https://www.googleapis.com/oauth2/v3/token [omitted]
[debug] [2023-07-04T17:41:12.716Z] <<< [apiv2][status] POST https://www.googleapis.com/oauth2/v3/token 200
[debug] [2023-07-04T17:41:12.716Z] <<< [apiv2][body] POST https://www.googleapis.com/oauth2/v3/token [omitted]
[debug] [2023-07-04T17:41:12.725Z] >>> [apiv2][query] GET https://firebase.googleapis.com/v1beta1/projects pageSize=100
[debug] [2023-07-04T17:41:13.684Z] <<< [apiv2][status] GET https://firebase.googleapis.com/v1beta1/projects 200
[debug] [2023-07-04T17:41:13.684Z] <<< [apiv2][body] GET https://firebase.googleapis.com/v1beta1/projects [omitted]
[info] i  Using project addfree-anime (AddFree Anime) 
[info] 
=== Hosting Setup
[info] 
[info] Your public directory is the folder (relative to your project directory) that
[info] will contain Hosting assets to be uploaded with firebase deploy. If you
[info] have a build process for your assets, use your build's output directory.
[info] 
[debug] [2023-07-04T17:41:35.848Z] >>> [apiv2][query] GET https://www.gstatic.com/firebasejs/releases.json [none]
[debug] [2023-07-04T17:41:36.144Z] <<< [apiv2][status] GET https://www.gstatic.com/firebasejs/releases.json 200
[debug] [2023-07-04T17:41:36.145Z] <<< [apiv2][body] GET https://www.gstatic.com/firebasejs/releases.json {"current":{"version":"9.23.0","browserURL":"https://www.gstatic.com/firebasejs/9.23.0/firebase.js","packageURL":"https://www.gstatic.com/firebasejs/9.23.0/firebase.tgz"},"live":{"version":"9.23","browserURL":"https://www.gstatic.com/firebasejs/live/9.23/firebase.js","packageURL":"https://www.gstatic.com/firebasejs/live/9.23/firebase.tgz"},"components":{"analytics":"https://www.gstatic.com/firebasejs/9.23.0/firebase-analytics.js","app":"https://www.gstatic.com/firebasejs/9.23.0/firebase-app.js","app-check":"https://www.gstatic.com/firebasejs/9.23.0/firebase-app-check.js","auth":"https://www.gstatic.com/firebasejs/9.23.0/firebase-auth.js","auth/cordova":"https://www.gstatic.com/firebasejs/9.23.0/firebase-auth/cordova.js","auth/react-native":"https://www.gstatic.com/firebasejs/9.23.0/firebase-auth/react-native.js","functions":"https://www.gstatic.com/firebasejs/9.23.0/firebase-functions.js","firestore":"https://www.gstatic.com/firebasejs/9.23.0/firebase-firestore.js","firestore/lite":"https://www.gstatic.com/firebasejs/9.23.0/firebase-firestore/lite.js","installations":"https://www.gstatic.com/firebasejs/9.23.0/firebase-installations.js","storage":"https://www.gstatic.com/firebasejs/9.23.0/firebase-storage.js","performance":"https://www.gstatic.com/firebasejs/9.23.0/firebase-performance.js","remote-config":"https://www.gstatic.com/firebasejs/9.23.0/firebase-remote-config.js","messaging":"https://www.gstatic.com/firebasejs/9.23.0/firebase-messaging.js","messaging/sw":"https://www.gstatic.com/firebasejs/9.23.0/firebase-messaging/sw.js","database":"https://www.gstatic.com/firebasejs/9.23.0/firebase-database.js","firestore.memory":"https://www.gstatic.com/firebasejs/9.23.0/firebase-firestore.memory.js"}}
[info] +  Wrote ojha-me/animesite/index.html 
[info] 
[info] i  Detected a .git folder at C:\Users\anant\Desktop\animesite 
[info] i  Authorizing with GitHub to upload your service account to a GitHub repository's secrets store. 
[info] 
[info] Visit this URL on this device to log in:
[info] https://github.com/login/oauth/authorize?client_id=89cf50f02ac6aaed3484&state=907139718&redirect_uri=http%3A%2F%2Flocalhost%3A9005&scope=read%3Auser%20repo%20public_repo
[info] 
[info] Waiting for authentication...
[debug] [2023-07-04T17:41:37.251Z] >>> [apiv2][query] POST https://github.com/login/oauth/access_token [none]
[debug] [2023-07-04T17:41:37.251Z] >>> [apiv2][body] POST https://github.com/login/oauth/access_token [stream]
[debug] [2023-07-04T17:41:37.927Z] <<< [apiv2][status] POST https://github.com/login/oauth/access_token 200
[debug] [2023-07-04T17:41:37.927Z] <<< [apiv2][body] POST https://github.com/login/oauth/access_token {"access_token":"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","token_type":"bearer","scope":"read:user,repo"}
[debug] [2023-07-04T17:41:37.941Z] >>> [apiv2][query] GET https://api.github.com/user [none]
[debug] [2023-07-04T17:41:38.635Z] <<< [apiv2][status] GET https://api.github.com/user 200
[debug] [2023-07-04T17:41:38.635Z] <<< [apiv2][body] GET https://api.github.com/user {"login":"ojha-me","id":119293982,"node_id":"U_kgDOBxxIHg","avatar_url":"https://avatars.githubusercontent.com/u/119293982?v=4","gravatar_id":"","url":"https://api.github.com/users/ojha-me","html_url":"https://github.com/ojha-me","followers_url":"https://api.github.com/users/ojha-me/followers","following_url":"https://api.github.com/users/ojha-me/following{/other_user}","gists_url":"https://api.github.com/users/ojha-me/gists{/gist_id}","starred_url":"https://api.github.com/users/ojha-me/starred{/owner}{/repo}","subscriptions_url":"https://api.github.com/users/ojha-me/subscriptions","organizations_url":"https://api.github.com/users/ojha-me/orgs","repos_url":"https://api.github.com/users/ojha-me/repos","events_url":"https://api.github.com/users/ojha-me/events{/privacy}","received_events_url":"https://api.github.com/users/ojha-me/received_events","type":"User","site_admin":false,"name":"Dinesh Ojha","company":"Citran Creatives","blog":"","location":null,"email":null,"hireable":null,"bio":"I am a software developer with a passion for creating intuitive and efficient solutions. Always learning and improving my skills.","twitter_username":null,"public_repos":2,"public_gists":0,"followers":0,"following":3,"created_at":"2022-11-28T09:23:42Z","updated_at":"2023-06-24T17:53:50Z","private_gists":0,"total_private_repos":8,"owned_private_repos":8,"disk_usage":16541,"collaborators":0,"two_factor_authentication":false,"plan":{"name":"free","space":976562499,"collaborators":0,"private_repos":10000}}
[info] 
[info] +  Success! Logged into GitHub as ojha-me 
[info] 
[debug] [2023-07-04T17:42:37.988Z] >>> [apiv2][query] GET https://api.github.com/repos/ojha-me/animesite/actions/secrets/public-key type=owner
[debug] [2023-07-04T17:42:38.639Z] <<< [apiv2][status] GET https://api.github.com/repos/ojha-me/animesite/actions/secrets/public-key 200
[debug] [2023-07-04T17:42:38.639Z] <<< [apiv2][body] GET https://api.github.com/repos/ojha-me/animesite/actions/secrets/public-key {"key_id":"568250167242549743","key":"4Ge2nBokEqx4vAAmuBHrQ9hosRQp4NulTW17lUKatR8="}
[debug] [2023-07-04T17:42:38.646Z] >>> [apiv2][query] GET https://api.github.com/repos/ojha-me/animesite [none]
[debug] [2023-07-04T17:42:39.241Z] <<< [apiv2][status] GET https://api.github.com/repos/ojha-me/animesite 200
[debug] [2023-07-04T17:42:39.242Z] <<< [apiv2][body] GET https://api.github.com/repos/ojha-me/animesite {"id":655819393,"node_id":"R_kgDOJxcCgQ","name":"animesite","full_name":"ojha-me/animesite","private":true,"owner":{"login":"ojha-me","id":119293982,"node_id":"U_kgDOBxxIHg","avatar_url":"https://avatars.githubusercontent.com/u/119293982?v=4","gravatar_id":"","url":"https://api.github.com/users/ojha-me","html_url":"https://github.com/ojha-me","followers_url":"https://api.github.com/users/ojha-me/followers","following_url":"https://api.github.com/users/ojha-me/following{/other_user}","gists_url":"https://api.github.com/users/ojha-me/gists{/gist_id}","starred_url":"https://api.github.com/users/ojha-me/starred{/owner}{/repo}","subscriptions_url":"https://api.github.com/users/ojha-me/subscriptions","organizations_url":"https://api.github.com/users/ojha-me/orgs","repos_url":"https://api.github.com/users/ojha-me/repos","events_url":"https://api.github.com/users/ojha-me/events{/privacy}","received_events_url":"https://api.github.com/users/ojha-me/received_events","type":"User","site_admin":false},"html_url":"https://github.com/ojha-me/animesite","description":null,"fork":false,"url":"https://api.github.com/repos/ojha-me/animesite","forks_url":"https://api.github.com/repos/ojha-me/animesite/forks","keys_url":"https://api.github.com/repos/ojha-me/animesite/keys{/key_id}","collaborators_url":"https://api.github.com/repos/ojha-me/animesite/collaborators{/collaborator}","teams_url":"https://api.github.com/repos/ojha-me/animesite/teams","hooks_url":"https://api.github.com/repos/ojha-me/animesite/hooks","issue_events_url":"https://api.github.com/repos/ojha-me/animesite/issues/events{/number}","events_url":"https://api.github.com/repos/ojha-me/animesite/events","assignees_url":"https://api.github.com/repos/ojha-me/animesite/assignees{/user}","branches_url":"https://api.github.com/repos/ojha-me/animesite/branches{/branch}","tags_url":"https://api.github.com/repos/ojha-me/animesite/tags","blobs_url":"https://api.github.com/repos/ojha-me/animesite/git/blobs{/sha}","git_tags_url":"https://api.github.com/repos/ojha-me/animesite/git/tags{/sha}","git_refs_url":"https://api.github.com/repos/ojha-me/animesite/git/refs{/sha}","trees_url":"https://api.github.com/repos/ojha-me/animesite/git/trees{/sha}","statuses_url":"https://api.github.com/repos/ojha-me/animesite/statuses/{sha}","languages_url":"https://api.github.com/repos/ojha-me/animesite/languages","stargazers_url":"https://api.github.com/repos/ojha-me/animesite/stargazers","contributors_url":"https://api.github.com/repos/ojha-me/animesite/contributors","subscribers_url":"https://api.github.com/repos/ojha-me/animesite/subscribers","subscription_url":"https://api.github.com/repos/ojha-me/animesite/subscription","commits_url":"https://api.github.com/repos/ojha-me/animesite/commits{/sha}","git_commits_url":"https://api.github.com/repos/ojha-me/animesite/git/commits{/sha}","comments_url":"https://api.github.com/repos/ojha-me/animesite/comments{/number}","issue_comment_url":"https://api.github.com/repos/ojha-me/animesite/issues/comments{/number}","contents_url":"https://api.github.com/repos/ojha-me/animesite/contents/{+path}","compare_url":"https://api.github.com/repos/ojha-me/animesite/compare/{base}...{head}","merges_url":"https://api.github.com/repos/ojha-me/animesite/merges","archive_url":"https://api.github.com/repos/ojha-me/animesite/{archive_format}{/ref}","downloads_url":"https://api.github.com/repos/ojha-me/animesite/downloads","issues_url":"https://api.github.com/repos/ojha-me/animesite/issues{/number}","pulls_url":"https://api.github.com/repos/ojha-me/animesite/pulls{/number}","milestones_url":"https://api.github.com/repos/ojha-me/animesite/milestones{/number}","notifications_url":"https://api.github.com/repos/ojha-me/animesite/notifications{?since,all,participating}","labels_url":"https://api.github.com/repos/ojha-me/animesite/labels{/name}","releases_url":"https://api.github.com/repos/ojha-me/animesite/releases{/id}","deployments_url":"https://api.github.com/repos/ojha-me/animesite/deployments","created_at":"2023-06-19T17:02:15Z","updated_at":"2023-07-04T05:42:21Z","pushed_at":"2023-07-04T06:05:18Z","git_url":"git://github.com/ojha-me/animesite.git","ssh_url":"git@github.com:ojha-me/animesite.git","clone_url":"https://github.com/ojha-me/animesite.git","svn_url":"https://github.com/ojha-me/animesite","homepage":"https://animesite-psi.vercel.app","size":2762,"stargazers_count":0,"watchers_count":0,"language":"JavaScript","has_issues":true,"has_projects":true,"has_downloads":true,"has_wiki":false,"has_pages":false,"has_discussions":false,"forks_count":0,"mirror_url":null,"archived":false,"disabled":false,"open_issues_count":0,"license":null,"allow_forking":true,"is_template":false,"web_commit_signoff_required":false,"topics":[],"visibility":"private","forks":0,"open_issues":0,"watchers":0,"default_branch":"main","permissions":{"admin":true,"maintain":true,"push":true,"triage":true,"pull":true},"temp_clone_token":"A4OEQHRLSKCZZ5HTINZHKE3EURNT2","allow_squash_merge":true,"allow_merge_commit":true,"allow_rebase_merge":true,"allow_auto_merge":false,"delete_branch_on_merge":false,"allow_update_branch":false,"use_squash_pr_title_as_default":false,"squash_merge_commit_message":"COMMIT_MESSAGES","squash_merge_commit_title":"COMMIT_OR_PR_TITLE","merge_commit_message":"PR_TITLE","merge_commit_title":"MERGE_MESSAGE","network_count":0,"subscribers_count":1}
[debug] [2023-07-04T17:42:39.244Z] >>> [apiv2][query] POST https://iam.googleapis.com/v1/projects/addfree-anime/serviceAccounts [none]
[debug] [2023-07-04T17:42:39.245Z] >>> [apiv2][body] POST https://iam.googleapis.com/v1/projects/addfree-anime/serviceAccounts {"accountId":"github-action-655819393","serviceAccount":{"displayName":"GitHub Actions (ojha-me/animesite)","description":"A service account with permission to deploy to Firebase Hosting and Cloud Functions for the GitHub repository ojha-me/animesite"}}
[debug] [2023-07-04T17:42:41.006Z] <<< [apiv2][status] POST https://iam.googleapis.com/v1/projects/addfree-anime/serviceAccounts 409
[debug] [2023-07-04T17:42:41.007Z] <<< [apiv2][body] POST https://iam.googleapis.com/v1/projects/addfree-anime/serviceAccounts [omitted]
[debug] [2023-07-04T17:42:41.010Z] >>> [apiv2][query] GET https://iam.googleapis.com/v1/projects/addfree-anime/serviceAccounts/github-action-655819393@addfree-anime.iam.gserviceaccount.com [none]
[debug] [2023-07-04T17:42:41.016Z] >>> [apiv2][query] POST https://cloudresourcemanager.googleapis.com/v1/projects/addfree-anime:getIamPolicy [none]
[debug] [2023-07-04T17:42:42.394Z] <<< [apiv2][status] GET https://iam.googleapis.com/v1/projects/addfree-anime/serviceAccounts/github-action-655819393@addfree-anime.iam.gserviceaccount.com 200
[debug] [2023-07-04T17:42:42.394Z] <<< [apiv2][body] GET https://iam.googleapis.com/v1/projects/addfree-anime/serviceAccounts/github-action-655819393@addfree-anime.iam.gserviceaccount.com {"name":"projects/addfree-anime/serviceAccounts/github-action-655819393@addfree-anime.iam.gserviceaccount.com","projectId":"addfree-anime","uniqueId":"103225317067459811304","email":"github-action-655819393@addfree-anime.iam.gserviceaccount.com","displayName":"GitHub Actions (ojha-me/animesite)","etag":"MDEwMjE5MjA=","description":"A service account with permission to deploy to Firebase Hosting and Cloud Functions for the GitHub repository ojha-me/animesite","oauth2ClientId":"103225317067459811304"}
[debug] [2023-07-04T17:42:42.687Z] <<< [apiv2][status] POST https://cloudresourcemanager.googleapis.com/v1/projects/addfree-anime:getIamPolicy 200
[debug] [2023-07-04T17:42:42.687Z] <<< [apiv2][body] POST https://cloudresourcemanager.googleapis.com/v1/projects/addfree-anime:getIamPolicy {"version":1,"etag":"BwX/otPy38c=","bindings":[{"role":"roles/cloudfunctions.developer","members":["serviceAccount:github-action-655819393@addfree-anime.iam.gserviceaccount.com"]},{"role":"roles/firebase.managementServiceAgent","members":["serviceAccount:firebase-service-account@firebase-sa-management.iam.gserviceaccount.com","serviceAccount:service-137906604941@gcp-sa-firebase.iam.gserviceaccount.com"]},{"role":"roles/firebase.sdkAdminServiceAgent","members":["serviceAccount:firebase-adminsdk-5kcta@addfree-anime.iam.gserviceaccount.com"]},{"role":"roles/firebaseauth.admin","members":["serviceAccount:github-action-655819393@addfree-anime.iam.gserviceaccount.com"]},{"role":"roles/firebasehosting.admin","members":["serviceAccount:github-action-655819393@addfree-anime.iam.gserviceaccount.com"]},{"role":"roles/firebaserules.system","members":["serviceAccount:service-137906604941@firebase-rules.iam.gserviceaccount.com"]},{"role":"roles/iam.serviceAccountTokenCreator","members":["serviceAccount:firebase-adminsdk-5kcta@addfree-anime.iam.gserviceaccount.com"]},{"role":"roles/owner","members":["user:dineshojha503@gmail.com"]},{"role":"roles/pubsub.serviceAgent","members":["serviceAccount:service-137906604941@gcp-sa-pubsub.iam.gserviceaccount.com"]},{"role":"roles/run.viewer","members":["serviceAccount:github-action-655819393@addfree-anime.iam.gserviceaccount.com"]},{"role":"roles/serviceusage.apiKeysViewer","members":["serviceAccount:github-action-655819393@addfree-anime.iam.gserviceaccount.com"]}]}
[debug] [2023-07-04T17:42:42.689Z] >>> [apiv2][query] POST https://cloudresourcemanager.googleapis.com/v1/projects/addfree-anime:setIamPolicy [none]
[debug] [2023-07-04T17:42:42.690Z] >>> [apiv2][body] POST https://cloudresourcemanager.googleapis.com/v1/projects/addfree-anime:setIamPolicy {"policy":{"version":1,"etag":"BwX/otPy38c=","bindings":[{"role":"roles/cloudfunctions.developer","members":["serviceAccount:github-action-655819393@addfree-anime.iam.gserviceaccount.com"]},{"role":"roles/firebase.managementServiceAgent","members":["serviceAccount:firebase-service-account@firebase-sa-management.iam.gserviceaccount.com","serviceAccount:service-137906604941@gcp-sa-firebase.iam.gserviceaccount.com"]},{"role":"roles/firebase.sdkAdminServiceAgent","members":["serviceAccount:firebase-adminsdk-5kcta@addfree-anime.iam.gserviceaccount.com"]},{"role":"roles/firebaseauth.admin","members":["serviceAccount:github-action-655819393@addfree-anime.iam.gserviceaccount.com"]},{"role":"roles/firebasehosting.admin","members":["serviceAccount:github-action-655819393@addfree-anime.iam.gserviceaccount.com"]},{"role":"roles/firebaserules.system","members":["serviceAccount:service-137906604941@firebase-rules.iam.gserviceaccount.com"]},{"role":"roles/iam.serviceAccountTokenCreator","members":["serviceAccount:firebase-adminsdk-5kcta@addfree-anime.iam.gserviceaccount.com"]},{"role":"roles/owner","members":["user:dineshojha503@gmail.com"]},{"role":"roles/pubsub.serviceAgent","members":["serviceAccount:service-137906604941@gcp-sa-pubsub.iam.gserviceaccount.com"]},{"role":"roles/run.viewer","members":["serviceAccount:github-action-655819393@addfree-anime.iam.gserviceaccount.com"]},{"role":"roles/serviceusage.apiKeysViewer","members":["serviceAccount:github-action-655819393@addfree-anime.iam.gserviceaccount.com"]}]},"updateMask":"bindings"}
